<?xml version="1.0" encoding="UTF-8"?>
<!-- Generated by org.testng.reporters.JUnitReportReporter -->
<testsuite hostname="LAPTOP-P7INNGLR" failures="0" tests="1" name="authentication.BearearTokenAuthTest" time="1.421" errors="0" timestamp="2024-11-21T15:33:21 IST" skipped="0">
  <testcase classname="authentication.BearearTokenAuthTest" name="sampleTest" time="1.421"/>
  <system-out/>
</testsuite> <!-- authentication.BearearTokenAuthTest -->
