<?xml version="1.0" encoding="UTF-8"?>
<!-- Generated by org.testng.reporters.JUnitReportReporter -->
<testsuite hostname="LAPTOP-P7INNGLR" failures="0" tests="1" name="authentication.Basic_AuthTest" time="2.063" errors="0" timestamp="2024-11-20T11:17:10 IST" skipped="0">
  <testcase classname="authentication.Basic_AuthTest" name="sampleTesy" time="2.063"/>
  <system-out/>
</testsuite> <!-- authentication.Basic_AuthTest -->
