<?xml version="1.0" encoding="UTF-8"?>
<!-- Generated by org.testng.reporters.JUnitReportReporter -->
<testsuite hostname="LAPTOP-P7INNGLR" failures="0" tests="1" name="pac.sampletest" time="2.788" errors="0" timestamp="2024-11-13T17:07:16 IST" skipped="0">
  <testcase classname="pac.sampletest" name="samplegetreqtest" time="2.788"/>
  <system-out/>
</testsuite> <!-- pac.sampletest -->
