<?xml version="1.0" encoding="UTF-8"?>
<!-- Generated by org.testng.reporters.JUnitReportReporter -->
<testsuite hostname="LAPTOP-P7INNGLR" failures="0" tests="1" name="practice.request.chaining.Scenario_1_Delete_Project" time="3.494" errors="0" timestamp="2024-11-19T15:04:01 IST" skipped="0">
  <testcase classname="practice.request.chaining.Scenario_1_Delete_Project" name="postdatatoserver" time="3.494"/>
  <system-out/>
</testsuite> <!-- practice.request.chaining.Scenario_1_Delete_Project -->
