<?xml version="1.0" encoding="UTF-8"?>
<!-- Generated by org.testng.reporters.JUnitReportReporter -->
<testsuite hostname="LAPTOP-P7INNGLR" failures="0" tests="1" name="com.sample.crud.withBdd.sampleTestforDelete" time="1.463" errors="0" timestamp="2024-11-15T11:13:57 IST" skipped="0">
  <testcase classname="com.sample.crud.withBdd.sampleTestforDelete" name="deletedatafromserver" time="1.463"/>
  <system-out/>
</testsuite> <!-- com.sample.crud.withBdd.sampleTestforDelete -->
