<?xml version="1.0" encoding="UTF-8"?>
<!-- Generated by org.testng.reporters.JUnitReportReporter -->
<testsuite hostname="LAPTOP-P7INNGLR" failures="0" tests="10" name="dataDrivenTesting.AddmultipleProjectTest" time="3.537" errors="0" timestamp="2024-11-21T17:45:12 IST" skipped="0">
  <testcase classname="dataDrivenTesting.AddmultipleProjectTest" name="sampleTest" time="1.471"/>
  <system-out/>
  <testcase classname="dataDrivenTesting.AddmultipleProjectTest" name="sampleTest" time="0.070"/>
  <system-out/>
  <testcase classname="dataDrivenTesting.AddmultipleProjectTest" name="sampleTest" time="0.084"/>
  <system-out/>
  <testcase classname="dataDrivenTesting.AddmultipleProjectTest" name="sampleTest" time="0.075"/>
  <system-out/>
  <testcase classname="dataDrivenTesting.AddmultipleProjectTest" name="sampleTest" time="0.075"/>
  <system-out/>
  <testcase classname="dataDrivenTesting.AddmultipleProjectTest" name="sampleTest" time="0.071"/>
  <system-out/>
  <testcase classname="dataDrivenTesting.AddmultipleProjectTest" name="sampleTest" time="0.066"/>
  <system-out/>
  <testcase classname="dataDrivenTesting.AddmultipleProjectTest" name="sampleTest" time="1.482"/>
  <system-out/>
  <testcase classname="dataDrivenTesting.AddmultipleProjectTest" name="sampleTest" time="0.079"/>
  <system-out/>
  <testcase classname="dataDrivenTesting.AddmultipleProjectTest" name="sampleTest" time="0.064"/>
  <system-out/>
</testsuite> <!-- dataDrivenTesting.AddmultipleProjectTest -->
