<?xml version="1.0" encoding="UTF-8"?>
<!-- Generated by org.testng.reporters.JUnitReportReporter -->
<testsuite hostname="LAPTOP-P7INNGLR" failures="0" tests="1" name="practice_responsevalidation.VerifyResponseBody_Via_JsonPath" time="2.208" errors="0" timestamp="2024-11-19T12:04:06 IST" skipped="0">
  <testcase classname="practice_responsevalidation.VerifyResponseBody_Via_JsonPath" name="sampleTest1" time="2.208"/>
  <system-out/>
</testsuite> <!-- practice_responsevalidation.VerifyResponseBody_Via_JsonPath -->
