<?xml version="1.0" encoding="UTF-8"?>
<!-- Generated by org.testng.reporters.JUnitReportReporter -->
<testsuite hostname="LAPTOP-P7INNGLR" failures="0" tests="1" name="practice.request.chaining.Scenario_2_addemplyeetoproject" time="3.007" errors="0" timestamp="2024-11-19T16:04:03 IST" skipped="0">
  <testcase classname="practice.request.chaining.Scenario_2_addemplyeetoproject" name="postdatatoserver" time="3.007"/>
  <system-out/>
</testsuite> <!-- practice.request.chaining.Scenario_2_addemplyeetoproject -->
