<?xml version="1.0" encoding="UTF-8"?>
<!-- Generated by org.testng.reporters.JUnitReportReporter -->
<testsuite hostname="LAPTOP-P7INNGLR" failures="0" tests="1" name="com.sample.crud.withoutBdd.sampleTestforCreateTest" time="1.601" errors="0" timestamp="2024-11-26T12:11:36 IST" skipped="0">
  <testcase classname="com.sample.crud.withoutBdd.sampleTestforCreateTest" name="postdatatoserverTest" time="1.601"/>
  <system-out/>
</testsuite> <!-- com.sample.crud.withoutBdd.sampleTestforCreateTest -->
