<?xml version="1.0" encoding="UTF-8"?>
<!-- Generated by org.testng.reporters.JUnitReportReporter -->
<testsuite hostname="LAPTOP-P7INNGLR" failures="0" tests="1" name="typesParameter.paramparameter" time="1.579" errors="0" timestamp="2024-11-20T10:29:26 IST" skipped="0">
  <testcase classname="typesParameter.paramparameter" name="sampleTest" time="1.579"/>
  <system-out/>
</testsuite> <!-- typesParameter.paramparameter -->
