<?xml version="1.0" encoding="UTF-8"?>
<!-- Generated by org.testng.reporters.JUnitReportReporter -->
<testsuite hostname="LAPTOP-P7INNGLR" failures="0" tests="1" name="practice.postrequestTypes.PostReq_Vai_jsonfiletest" time="1.834" errors="0" timestamp="2024-11-16T12:49:41 IST" skipped="0">
  <testcase classname="practice.postrequestTypes.PostReq_Vai_jsonfiletest" name="postdatatoserver" time="1.834"/>
  <system-out/>
</testsuite> <!-- practice.postrequestTypes.PostReq_Vai_jsonfiletest -->
