<?xml version="1.0" encoding="UTF-8"?>
<!-- Generated by org.testng.reporters.JUnitReportReporter -->
<testsuite hostname="LAPTOP-P7INNGLR" failures="0" tests="1" name="com.sample.crud.withoutBdd.sampleTestforPartialUpdateTest" time="1.448" errors="0" timestamp="2024-11-15T10:34:21 IST" skipped="0">
  <testcase classname="com.sample.crud.withoutBdd.sampleTestforPartialUpdateTest" name="patchdatatoserverTest" time="1.448"/>
  <system-out/>
</testsuite> <!-- com.sample.crud.withoutBdd.sampleTestforPartialUpdateTest -->
