<?xml version="1.0" encoding="UTF-8"?>
<!-- Generated by org.testng.reporters.JUnitReportReporter -->
<testsuite hostname="LAPTOP-P7INNGLR" failures="0" tests="1" name="practice.postrequestTypes.PostReq_Vai_POJOclass" time="1.772" errors="0" timestamp="2024-11-16T13:03:35 IST" skipped="0">
  <testcase classname="practice.postrequestTypes.PostReq_Vai_POJOclass" name="postdatatoserver" time="1.772"/>
  <system-out/>
</testsuite> <!-- practice.postrequestTypes.PostReq_Vai_POJOclass -->
