<?xml version="1.0" encoding="UTF-8"?>
<!-- Generated by org.testng.reporters.JUnitReportReporter -->
<testsuite hostname="LAPTOP-P7INNGLR" failures="0" tests="1" name="pac.Run1" time="0.020" errors="0" timestamp="2024-11-14T10:44:25 IST" skipped="0">
  <testcase classname="pac.Run1" name="sampletest" time="0.020"/>
  <system-out/>
</testsuite> <!-- pac.Run1 -->
