<?xml version="1.0" encoding="UTF-8"?>
<!-- Generated by org.testng.reporters.JUnitReportReporter -->
<testsuite hostname="LAPTOP-P7INNGLR" failures="0" tests="1" name="authentication.PremtiveAuthTest" time="1.597" errors="0" timestamp="2024-11-20T11:22:36 IST" skipped="0">
  <testcase classname="authentication.PremtiveAuthTest" name="sampleTesy" time="1.597"/>
  <system-out/>
</testsuite> <!-- authentication.PremtiveAuthTest -->
