<?xml version="1.0" encoding="UTF-8"?>
<!-- Generated by org.testng.reporters.JUnitReportReporter -->
<testsuite hostname="LAPTOP-P7INNGLR" failures="0" tests="1" name="practice_responsevalidation.VerifyData_ComplexJsonXpath" time="1.539" errors="0" timestamp="2024-11-19T13:09:57 IST" skipped="0">
  <testcase classname="practice_responsevalidation.VerifyData_ComplexJsonXpath" name="sampleTest1" time="1.539"/>
  <system-out/>
</testsuite> <!-- practice_responsevalidation.VerifyData_ComplexJsonXpath -->
