<?xml version="1.0" encoding="UTF-8"?>
<!-- Generated by org.testng.reporters.JUnitReportReporter -->
<testsuite hostname="LAPTOP-P7INNGLR" failures="0" tests="1" name="typesParameter.queryparameter" time="1.616" errors="0" timestamp="2024-11-20T10:20:46 IST" skipped="0">
  <testcase classname="typesParameter.queryparameter" name="sampleTest" time="1.616"/>
  <system-out/>
</testsuite> <!-- typesParameter.queryparameter -->
