<?xml version="1.0" encoding="UTF-8"?>
<!-- Generated by org.testng.reporters.JUnitReportReporter -->
<testsuite hostname="LAPTOP-P7INNGLR" failures="0" tests="1" name="com.sample.crud.withoutBdd.sampleTestforCompleteUpdateTest2" time="1.545" errors="0" timestamp="2024-11-15T10:28:32 IST" skipped="0">
  <testcase classname="com.sample.crud.withoutBdd.sampleTestforCompleteUpdateTest2" name="putdatatoserverTest" time="1.545"/>
  <system-out/>
</testsuite> <!-- com.sample.crud.withoutBdd.sampleTestforCompleteUpdateTest2 -->
