<?xml version="1.0" encoding="UTF-8"?>
<!-- Generated by org.testng.reporters.JUnitReportReporter -->
<testsuite hostname="LAPTOP-P7INNGLR" failures="0" tests="1" name="com.sample.crud.withoutBdd.sampleTestforReadTest" time="2.278" errors="0" timestamp="2024-11-14T17:13:05 IST" skipped="0">
  <testcase classname="com.sample.crud.withoutBdd.sampleTestforReadTest" name="getdatafromserver" time="2.278"/>
  <system-out/>
</testsuite> <!-- com.sample.crud.withoutBdd.sampleTestforReadTest -->
