<?xml version="1.0" encoding="UTF-8"?>
<!-- Generated by org.testng.reporters.JUnitReportReporter -->
<testsuite hostname="LAPTOP-P7INNGLR" failures="0" tests="1" name="typesParameter.PathParameter" time="1.731" errors="0" timestamp="2024-11-20T10:15:59 IST" skipped="0">
  <testcase classname="typesParameter.PathParameter" name="sampleTest" time="1.731"/>
  <system-out/>
</testsuite> <!-- typesParameter.PathParameter -->
