<?xml version="1.0" encoding="UTF-8"?>
<!-- Generated by org.testng.reporters.JUnitReportReporter -->
<testsuite hostname="LAPTOP-P7INNGLR" failures="0" tests="1" name="practice_responsevalidation.VerifyResponseTimeTest" time="1.765" errors="0" timestamp="2024-11-16T15:46:19 IST" skipped="0">
  <testcase classname="practice_responsevalidation.VerifyResponseTimeTest" name="verifyresponseTest" time="1.765"/>
  <system-out/>
</testsuite> <!-- practice_responsevalidation.VerifyResponseTimeTest -->
