<?xml version="1.0" encoding="UTF-8"?>
<!-- Generated by org.testng.reporters.JUnitReportReporter -->
<testsuite hostname="LAPTOP-P7INNGLR" failures="0" tests="1" name="authentication.DigestiveAuthTest" time="1.650" errors="0" timestamp="2024-11-20T11:19:12 IST" skipped="0">
  <testcase classname="authentication.DigestiveAuthTest" name="sampleTesy" time="1.650"/>
  <system-out/>
</testsuite> <!-- authentication.DigestiveAuthTest -->
