<?xml version="1.0" encoding="UTF-8"?>
<!-- Generated by org.testng.reporters.JUnitReportReporter -->
<testsuite hostname="LAPTOP-P7INNGLR" failures="0" tests="1" name="practice_responsevalidation.VerifyResponseHeader" time="1.610" errors="0" timestamp="2024-11-16T15:00:22 IST" skipped="0">
  <testcase classname="practice_responsevalidation.VerifyResponseHeader" name="verifyheader" time="1.610"/>
  <system-out/>
</testsuite> <!-- practice_responsevalidation.VerifyResponseHeader -->
