<?xml version="1.0" encoding="UTF-8"?>
<!-- Generated by org.testng.reporters.JUnitReportReporter -->
<testsuite hostname="LAPTOP-P7INNGLR" failures="0" tests="1" name="com.sample.crud.withBdd.sampleTestforReadTest" time="2.015" errors="0" timestamp="2024-11-15T10:54:25 IST" skipped="0">
  <testcase classname="com.sample.crud.withBdd.sampleTestforReadTest" name="getdatafromserver" time="2.015"/>
  <system-out/>
</testsuite> <!-- com.sample.crud.withBdd.sampleTestforReadTest -->
