<?xml version="1.0" encoding="UTF-8"?>
<!-- Generated by org.testng.reporters.JUnitReportReporter -->
<testsuite hostname="LAPTOP-P7INNGLR" failures="0" tests="1" name="typesParameter.formParameter" time="1.462" errors="0" timestamp="2024-11-20T10:25:28 IST" skipped="0">
  <testcase classname="typesParameter.formParameter" name="sampleTest" time="1.462"/>
  <system-out/>
</testsuite> <!-- typesParameter.formParameter -->
