<?xml version="1.0" encoding="UTF-8"?>
<!-- Generated by org.testng.reporters.JUnitReportReporter -->
<testsuite hostname="LAPTOP-P7INNGLR" failures="0" tests="1" name="practice.postrequestTypes.PostReq_Vai_JsonObject" time="1.487" errors="0" timestamp="2024-11-16T12:39:48 IST" skipped="0">
  <testcase classname="practice.postrequestTypes.PostReq_Vai_JsonObject" name="postdatatoserver" time="1.487"/>
  <system-out/>
</testsuite> <!-- practice.postrequestTypes.PostReq_Vai_JsonObject -->
